# JRE version: OpenJDK Runtime Environment (8.0_212-b04) (build 1.8.0_212-release-1586-b04)
# Java VM: OpenJDK 64-Bit Server VM (25.212-b04 mixed mode windows-amd64 compressed oops)
Heap:
 PSYoungGen      total 440832K, used 351133K [0x00000000e0000000, 0x0000000100000000, 0x0000000100000000)
  eden space 357376K, 89% used [0x00000000e0000000,0x00000000f385b688,0x00000000f5d00000)
  from space 83456K, 37% used [0x00000000f5d00000,0x00000000f7b8c0d8,0x00000000fae80000)
  to   space 79872K, 0% used [0x00000000fb200000,0x00000000fb200000,0x0000000100000000)
 ParOldGen       total 468992K, used 235646K [0x00000000a0000000, 0x00000000bca00000, 0x00000000e0000000)
  object space 468992K, 50% used [0x00000000a0000000,0x00000000ae61f830,0x00000000bca00000)
 Metaspace       used 108080K, capacity 113480K, committed 114776K, reserved 1148928K
  class space    used 13484K, capacity 14494K, committed 14936K, reserved 1048576K
GC Heap History (10 events):
Event: 5106.700 GC heap before
{Heap before GC invocations=76 (full 6):
 PSYoungGen      total 480768K, used 463461K [0x00000000e0000000, 0x0000000100000000, 0x0000000100000000)
  eden space 443904K, 100% used [0x00000000e0000000,0x00000000fb180000,0x00000000fb180000)
  from space 36864K, 53% used [0x00000000fb180000,0x00000000fc499788,0x00000000fd580000)
  to   space 36864K, 0% used [0x00000000fdc00000,0x00000000fdc00000,0x0000000100000000)
 ParOldGen       total 311296K, used 146462K [0x00000000a0000000, 0x00000000b3000000, 0x00000000e0000000)
  object space 311296K, 47% used [0x00000000a0000000,0x00000000a8f07bb8,0x00000000b3000000)
 Metaspace       used 106353K, capacity 110922K, committed 114520K, reserved 1148928K
  class space    used 13279K, capacity 14169K, committed 14936K, reserved 1048576K
Event: 5106.718 GC heap after
Heap after GC invocations=76 (full 6):
 PSYoungGen      total 485376K, used 5877K [0x00000000e0000000, 0x00000000ffe00000, 0x0000000100000000)
  eden space 450560K, 0% used [0x00000000e0000000,0x00000000e0000000,0x00000000fb800000)
  from space 34816K, 16% used [0x00000000fdc00000,0x00000000fe1bd7c0,0x00000000ffe00000)
  to   space 35840K, 0% used [0x00000000fb800000,0x00000000fb800000,0x00000000fdb00000)
 ParOldGen       total 311296K, used 155292K [0x00000000a0000000, 0x00000000b3000000, 0x00000000e0000000)
  object space 311296K, 49% used [0x00000000a0000000,0x00000000a97a70f8,0x00000000b3000000)
 Metaspace       used 106353K, capacity 110922K, committed 114520K, reserved 1148928K
  class space    used 13279K, capacity 14169K, committed 14936K, reserved 1048576K
}
Event: 5108.214 GC heap before
{Heap before GC invocations=77 (full 6):
 PSYoungGen      total 485376K, used 456437K [0x00000000e0000000, 0x00000000ffe00000, 0x0000000100000000)
  eden space 450560K, 100% used [0x00000000e0000000,0x00000000fb800000,0x00000000fb800000)
  from space 34816K, 16% used [0x00000000fdc00000,0x00000000fe1bd7c0,0x00000000ffe00000)
  to   space 35840K, 0% used [0x00000000fb800000,0x00000000fb800000,0x00000000fdb00000)
 ParOldGen       total 311296K, used 155292K [0x00000000a0000000, 0x00000000b3000000, 0x00000000e0000000)
  object space 311296K, 49% used [0x00000000a0000000,0x00000000a97a70f8,0x00000000b3000000)
 Metaspace       used 106358K, capacity 110922K, committed 114520K, reserved 1148928K
  class space    used 13279K, capacity 14169K, committed 14936K, reserved 1048576K
Event: 5108.224 GC heap after
Heap after GC invocations=77 (full 6):
 PSYoungGen      total 486400K, used 2975K [0x00000000e0000000, 0x0000000100000000, 0x0000000100000000)
  eden space 450560K, 0% used [0x00000000e0000000,0x00000000e0000000,0x00000000fb800000)
  from space 35840K, 8% used [0x00000000fb800000,0x00000000fbae7f48,0x00000000fdb00000)
  to   space 35328K, 0% used [0x00000000fdd80000,0x00000000fdd80000,0x0000000100000000)
 ParOldGen       total 311296K, used 159210K [0x00000000a0000000, 0x00000000b3000000, 0x00000000e0000000)
  object space 311296K, 51% used [0x00000000a0000000,0x00000000a9b7aaa0,0x00000000b3000000)
 Metaspace       used 106358K, capacity 110922K, committed 114520K, reserved 1148928K
  class space    used 13279K, capacity 14169K, committed 14936K, reserved 1048576K
}
Event: 5110.505 GC heap before
{Heap before GC invocations=78 (full 6):
 PSYoungGen      total 486400K, used 453535K [0x00000000e0000000, 0x0000000100000000, 0x0000000100000000)
  eden space 450560K, 100% used [0x00000000e0000000,0x00000000fb800000,0x00000000fb800000)
  from space 35840K, 8% used [0x00000000fb800000,0x00000000fbae7f48,0x00000000fdb00000)
  to   space 35328K, 0% used [0x00000000fdd80000,0x00000000fdd80000,0x0000000100000000)
 ParOldGen       total 311296K, used 159210K [0x00000000a0000000, 0x00000000b3000000, 0x00000000e0000000)
  object space 311296K, 51% used [0x00000000a0000000,0x00000000a9b7aaa0,0x00000000b3000000)
 Metaspace       used 106485K, capacity 111102K, committed 114520K, reserved 1148928K
  class space    used 13284K, capacity 14177K, committed 14936K, reserved 1048576K
Event: 5110.642 GC heap after
Heap after GC invocations=78 (full 6):
 PSYoungGen      total 392704K, used 35306K [0x00000000e0000000, 0x0000000100000000, 0x0000000100000000)
  eden space 357376K, 0% used [0x00000000e0000000,0x00000000e0000000,0x00000000f5d00000)
  from space 35328K, 99% used [0x00000000fdd80000,0x00000000ffffaae0,0x0000000100000000)
  to   space 83456K, 0% used [0x00000000f5d00000,0x00000000f5d00000,0x00000000fae80000)
 ParOldGen       total 311296K, used 271870K [0x00000000a0000000, 0x00000000b3000000, 0x00000000e0000000)
  object space 311296K, 87% used [0x00000000a0000000,0x00000000b097f880,0x00000000b3000000)
 Metaspace       used 106485K, capacity 111102K, committed 114520K, reserved 1148928K
  class space    used 13284K, capacity 14177K, committed 14936K, reserved 1048576K
}
Event: 5110.642 GC heap before
{Heap before GC invocations=79 (full 7):
 PSYoungGen      total 392704K, used 35306K [0x00000000e0000000, 0x0000000100000000, 0x0000000100000000)
  eden space 357376K, 0% used [0x00000000e0000000,0x00000000e0000000,0x00000000f5d00000)
  from space 35328K, 99% used [0x00000000fdd80000,0x00000000ffffaae0,0x0000000100000000)
  to   space 83456K, 0% used [0x00000000f5d00000,0x00000000f5d00000,0x00000000fae80000)
 ParOldGen       total 311296K, used 271870K [0x00000000a0000000, 0x00000000b3000000, 0x00000000e0000000)
  object space 311296K, 87% used [0x00000000a0000000,0x00000000b097f880,0x00000000b3000000)
 Metaspace       used 106485K, capacity 111102K, committed 114520K, reserved 1148928K
  class space    used 13284K, capacity 14177K, committed 14936K, reserved 1048576K
Event: 5111.405 GC heap after
Heap after GC invocations=79 (full 7):
 PSYoungGen      total 392704K, used 0K [0x00000000e0000000, 0x0000000100000000, 0x0000000100000000)
  eden space 357376K, 0% used [0x00000000e0000000,0x00000000e0000000,0x00000000f5d00000)
  from space 35328K, 0% used [0x00000000fdd80000,0x00000000fdd80000,0x0000000100000000)
  to   space 83456K, 0% used [0x00000000f5d00000,0x00000000f5d00000,0x00000000fae80000)
 ParOldGen       total 468992K, used 235638K [0x00000000a0000000, 0x00000000bca00000, 0x00000000e0000000)
  object space 468992K, 50% used [0x00000000a0000000,0x00000000ae61d830,0x00000000bca00000)
 Metaspace       used 106485K, capacity 111102K, committed 114520K, reserved 1148928K
  class space    used 13284K, capacity 14177K, committed 14936K, reserved 1048576K
}
Event: 5246.119 GC heap before
{Heap before GC invocations=80 (full 7):
 PSYoungGen      total 392704K, used 357376K [0x00000000e0000000, 0x0000000100000000, 0x0000000100000000)
  eden space 357376K, 100% used [0x00000000e0000000,0x00000000f5d00000,0x00000000f5d00000)
  from space 35328K, 0% used [0x00000000fdd80000,0x00000000fdd80000,0x0000000100000000)
  to   space 83456K, 0% used [0x00000000f5d00000,0x00000000f5d00000,0x00000000fae80000)
 ParOldGen       total 468992K, used 235638K [0x00000000a0000000, 0x00000000bca00000, 0x00000000e0000000)
  object space 468992K, 50% used [0x00000000a0000000,0x00000000ae61d830,0x00000000bca00000)
 Metaspace       used 107049K, capacity 111968K, committed 114520K, reserved 1148928K
  class space    used 13359K, capacity 14314K, committed 14936K, reserved 1048576K
Event: 5246.141 GC heap after
Heap after GC invocations=80 (full 7):
 PSYoungGen      total 440832K, used 31280K [0x00000000e0000000, 0x0000000100000000, 0x0000000100000000)
  eden space 357376K, 0% used [0x00000000e0000000,0x00000000e0000000,0x00000000f5d00000)
  from space 83456K, 37% used [0x00000000f5d00000,0x00000000f7b8c0d8,0x00000000fae80000)
  to   space 79872K, 0% used [0x00000000fb200000,0x00000000fb200000,0x0000000100000000)
 ParOldGen       total 468992K, used 235646K [0x00000000a0000000, 0x00000000bca00000, 0x00000000e0000000)
  object space 468992K, 50% used [0x00000000a0000000,0x00000000ae61f830,0x00000000bca00000)
 Metaspace       used 107049K, capacity 111968K, committed 114520K, reserved 1148928K
  class space    used 13359K, capacity 14314K, committed 14936K, reserved 1048576K
}

